<?xml version="1.0" encoding="UTF-8"?>
<!-- Generated by org.testng.reporters.JUnitReportReporter -->
<testsuite hostname="LAPTOP-762K9LVG" failures="0" tests="1" name="com.qa.test.GetCallBDD" time="2.267" errors="0" timestamp="2020-03-08T14:16:10 IST" skipped="0">
  <testcase classname="com.qa.test.GetCallBDD" name="testNumberOfCircuits_2017" time="2.267"/>
</testsuite> <!-- com.qa.test.GetCallBDD -->
